<?xml version="1.0" encoding="UTF-8"?>
<!-- Generated by org.testng.reporters.JUnitReportReporter -->
<testsuite name="com.estore.tests.DeliveryOnlyTestRailM" tests="1" time="35.322" ignored="0" failures="0" timestamp="12 Apr 2017 14:12:32 GMT" skipped="0" hostname="ramesh-mbp.wfm.pvt" errors="1">
  <testcase name="deliveryOnly" time="35.322" classname="com.estore.tests.DeliveryOnlyTestRailM">
    <error type="com.gurock.testrail.APIException" message="TestRail API returned HTTP 400(&quot;Field :run_id is not a valid test run.&quot;)">
      <![CDATA[com.gurock.testrail.APIException: TestRail API returned HTTP 400("Field :run_id is not a valid test run.")
	at com.gurock.testrail.APIClient.sendRequest(APIClient.java:218)
	at com.gurock.testrail.APIClient.sendPost(APIClient.java:117)
	at com.gurock.testrail.APIAfterTestCall.InitializeTestRail(APIAfterTestCall.java:108)
	at com.estore.tests.DeliveryOnlyTestRailM.publishresults(DeliveryOnlyTestRailM.java:313)
	at com.estore.tests.DeliveryOnlyTestRailM.deliveryOnly(DeliveryOnlyTestRailM.java:304)
	at sun.reflect.NativeMethodAccessorImpl.invoke0(Native Method)
	at sun.reflect.NativeMethodAccessorImpl.invoke(NativeMethodAccessorImpl.java:62)
	at sun.reflect.DelegatingMethodAccessorImpl.invoke(DelegatingMethodAccessorImpl.java:43)
	at java.lang.reflect.Method.invoke(Method.java:498)
	at org.testng.internal.MethodInvocationHelper.invokeMethod(MethodInvocationHelper.java:104)
	at org.testng.internal.Invoker.invokeMethod(Invoker.java:645)
	at org.testng.internal.Invoker.invokeTestMethod(Invoker.java:851)
	at org.testng.internal.Invoker.invokeTestMethods(Invoker.java:1177)
	at org.testng.internal.TestMethodWorker.invokeTestMethods(TestMethodWorker.java:129)
	at org.testng.internal.TestMethodWorker.run(TestMethodWorker.java:112)
	at org.testng.TestRunner.privateRun(TestRunner.java:756)
	at org.testng.TestRunner.run(TestRunner.java:610)
	at org.testng.SuiteRunner.runTest(SuiteRunner.java:387)
	at org.testng.SuiteRunner.runSequentially(SuiteRunner.java:382)
	at org.testng.SuiteRunner.privateRun(SuiteRunner.java:340)
	at org.testng.SuiteRunner.run(SuiteRunner.java:289)
	at org.testng.SuiteRunnerWorker.runSuite(SuiteRunnerWorker.java:52)
	at org.testng.SuiteRunnerWorker.run(SuiteRunnerWorker.java:86)
	at org.testng.TestNG.runSuitesSequentially(TestNG.java:1293)
	at org.testng.TestNG.runSuitesLocally(TestNG.java:1218)
	at org.testng.TestNG.runSuites(TestNG.java:1133)
	at org.testng.TestNG.run(TestNG.java:1104)
	at org.testng.remote.AbstractRemoteTestNG.run(AbstractRemoteTestNG.java:132)
	at org.testng.remote.RemoteTestNG.initAndRun(RemoteTestNG.java:236)
	at org.testng.remote.RemoteTestNG.main(RemoteTestNG.java:81)
]]>
    </error>
  </testcase> <!-- deliveryOnly -->
</testsuite> <!-- com.estore.tests.DeliveryOnlyTestRailM -->
