<?xml version="1.0" encoding="UTF-8"?>
<testng-results skipped="0" failed="1" ignored="0" total="1" passed="0">
  <reporter-output>
    <line>
      <![CDATA[===Browser Session Started===]]>
    </line>
    <line>
      <![CDATA[===Application started===]]>
    </line>
    <line>
      <![CDATA[===Browser Session End===]]>
    </line>
  </reporter-output>
  <suite name="Default suite" duration-ms="69275" started-at="2017-04-12T18:47:19Z" finished-at="2017-04-12T18:48:28Z">
    <groups>
    </groups>
    <test name="Default test" duration-ms="69275" started-at="2017-04-12T18:47:19Z" finished-at="2017-04-12T18:48:28Z">
      <class name="com.estore.tests.TaxedItem">
        <test-method status="PASS" signature="beforeSuite()[pri:0, instance:com.estore.tests.TaxedItem@29ee9faa]" name="beforeSuite" is-config="true" duration-ms="8" started-at="2017-04-12T13:47:19Z" finished-at="2017-04-12T13:47:19Z">
          <reporter-output>
          </reporter-output>
        </test-method> <!-- beforeSuite -->
        <test-method status="PASS" signature="beforeMethod()[pri:0, instance:com.estore.tests.TaxedItem@29ee9faa]" name="beforeMethod" is-config="true" duration-ms="10614" started-at="2017-04-12T13:47:19Z" finished-at="2017-04-12T13:47:30Z">
          <reporter-output>
            <line>
              <![CDATA[===Browser Session Started===]]>
            </line>
            <line>
              <![CDATA[===Application started===]]>
            </line>
          </reporter-output>
        </test-method> <!-- beforeMethod -->
        <test-method status="FAIL" signature="taxedItem()[pri:0, instance:com.estore.tests.TaxedItem@29ee9faa]" name="taxedItem" duration-ms="58166" started-at="2017-04-12T13:47:30Z" description="Test case for Taxed Item" finished-at="2017-04-12T13:48:28Z">
          <exception class="org.openqa.selenium.TimeoutException">
            <message>
              <![CDATA[Timed out after 30 seconds waiting for element to be clickable: [[ChromeDriver: chrome on MAC (3ae1fde56cef95c953fa8cbdcd9aa737)] -> xpath: //p[contains(text(), 'Time:')]]
Build info: version: '2.53.0', revision: '35ae25b1534ae328c771e0856c93e187490ca824', time: '2016-03-15 10:43:46'
System info: host: 'ramesh-mbp.wfm.pvt', ip: '10.5.241.183', os.name: 'Mac OS X', os.arch: 'x86_64', os.version: '10.11.5', java.version: '1.8.0_111'
Driver info: org.openqa.selenium.chrome.ChromeDriver
Capabilities [{applicationCacheEnabled=false, rotatable=false, mobileEmulationEnabled=false, networkConnectionEnabled=false, chrome={chromedriverVersion=2.28.455517 (2c6d2707d8ea850c862f04ac066724273981e88f), userDataDir=/var/folders/fv/rsc_8jln7mj3r5yf66_8tt5c0000gp/T/.org.chromium.Chromium.bFioDl}, takesHeapSnapshot=true, pageLoadStrategy=normal, databaseEnabled=false, handlesAlerts=true, hasTouchScreen=false, version=57.0.2987.133, platform=MAC, browserConnectionEnabled=false, nativeEvents=true, acceptSslCerts=true, locationContextEnabled=true, webStorageEnabled=true, browserName=chrome, takesScreenshot=true, javascriptEnabled=true, cssSelectorsEnabled=true, unexpectedAlertBehaviour=}]
Session ID: 3ae1fde56cef95c953fa8cbdcd9aa737]]>
            </message>
            <full-stacktrace>
              <![CDATA[org.openqa.selenium.TimeoutException: Timed out after 30 seconds waiting for element to be clickable: [[ChromeDriver: chrome on MAC (3ae1fde56cef95c953fa8cbdcd9aa737)] -> xpath: //p[contains(text(), 'Time:')]]
Build info: version: '2.53.0', revision: '35ae25b1534ae328c771e0856c93e187490ca824', time: '2016-03-15 10:43:46'
System info: host: 'ramesh-mbp.wfm.pvt', ip: '10.5.241.183', os.name: 'Mac OS X', os.arch: 'x86_64', os.version: '10.11.5', java.version: '1.8.0_111'
Driver info: org.openqa.selenium.chrome.ChromeDriver
Capabilities [{applicationCacheEnabled=false, rotatable=false, mobileEmulationEnabled=false, networkConnectionEnabled=false, chrome={chromedriverVersion=2.28.455517 (2c6d2707d8ea850c862f04ac066724273981e88f), userDataDir=/var/folders/fv/rsc_8jln7mj3r5yf66_8tt5c0000gp/T/.org.chromium.Chromium.bFioDl}, takesHeapSnapshot=true, pageLoadStrategy=normal, databaseEnabled=false, handlesAlerts=true, hasTouchScreen=false, version=57.0.2987.133, platform=MAC, browserConnectionEnabled=false, nativeEvents=true, acceptSslCerts=true, locationContextEnabled=true, webStorageEnabled=true, browserName=chrome, takesScreenshot=true, javascriptEnabled=true, cssSelectorsEnabled=true, unexpectedAlertBehaviour=}]
Session ID: 3ae1fde56cef95c953fa8cbdcd9aa737
	at org.openqa.selenium.support.ui.WebDriverWait.timeoutException(WebDriverWait.java:80)
	at org.openqa.selenium.support.ui.FluentWait.until(FluentWait.java:261)
	at com.estore.pages.CheckOutStepThree.storePickUpDateTime(CheckOutStepThree.java:56)
	at com.estore.tests.TaxedItem.taxedItem(TaxedItem.java:128)
	at sun.reflect.NativeMethodAccessorImpl.invoke0(Native Method)
	at sun.reflect.NativeMethodAccessorImpl.invoke(NativeMethodAccessorImpl.java:62)
	at sun.reflect.DelegatingMethodAccessorImpl.invoke(DelegatingMethodAccessorImpl.java:43)
	at java.lang.reflect.Method.invoke(Method.java:498)
	at org.testng.internal.MethodInvocationHelper.invokeMethod(MethodInvocationHelper.java:104)
	at org.testng.internal.Invoker.invokeMethod(Invoker.java:645)
	at org.testng.internal.Invoker.invokeTestMethod(Invoker.java:851)
	at org.testng.internal.Invoker.invokeTestMethods(Invoker.java:1177)
	at org.testng.internal.TestMethodWorker.invokeTestMethods(TestMethodWorker.java:129)
	at org.testng.internal.TestMethodWorker.run(TestMethodWorker.java:112)
	at org.testng.TestRunner.privateRun(TestRunner.java:756)
	at org.testng.TestRunner.run(TestRunner.java:610)
	at org.testng.SuiteRunner.runTest(SuiteRunner.java:387)
	at org.testng.SuiteRunner.runSequentially(SuiteRunner.java:382)
	at org.testng.SuiteRunner.privateRun(SuiteRunner.java:340)
	at org.testng.SuiteRunner.run(SuiteRunner.java:289)
	at org.testng.SuiteRunnerWorker.runSuite(SuiteRunnerWorker.java:52)
	at org.testng.SuiteRunnerWorker.run(SuiteRunnerWorker.java:86)
	at org.testng.TestNG.runSuitesSequentially(TestNG.java:1293)
	at org.testng.TestNG.runSuitesLocally(TestNG.java:1218)
	at org.testng.TestNG.runSuites(TestNG.java:1133)
	at org.testng.TestNG.run(TestNG.java:1104)
	at org.testng.remote.AbstractRemoteTestNG.run(AbstractRemoteTestNG.java:132)
	at org.testng.remote.RemoteTestNG.initAndRun(RemoteTestNG.java:236)
	at org.testng.remote.RemoteTestNG.main(RemoteTestNG.java:81)
]]>
            </full-stacktrace>
          </exception> <!-- org.openqa.selenium.TimeoutException -->
          <reporter-output>
          </reporter-output>
        </test-method> <!-- taxedItem -->
        <test-method status="PASS" signature="tearDown(org.testng.ITestResult)[pri:0, instance:com.estore.tests.TaxedItem@29ee9faa]" name="tearDown" is-config="true" duration-ms="474" started-at="2017-04-12T13:48:28Z" finished-at="2017-04-12T13:48:28Z">
          <params>
            <param index="0">
              <value>
                <![CDATA[[TestResult name=taxedItem status=FAILURE method=TaxedItem.taxedItem()[pri:0, instance:com.estore.tests.TaxedItem@29ee9faa] output={null}]]]>
              </value>
            </param>
          </params>
          <reporter-output>
            <line>
              <![CDATA[===Browser Session End===]]>
            </line>
          </reporter-output>
        </test-method> <!-- tearDown -->
      </class> <!-- com.estore.tests.TaxedItem -->
    </test> <!-- Default test -->
  </suite> <!-- Default suite -->
</testng-results>
