<?xml version="1.0" encoding="UTF-8"?>
<testng-results skipped="0" failed="1" total="1" passed="0">
  <reporter-output>
    <line>
      <![CDATA[===Browser Session Started===]]>
    </line>
    <line>
      <![CDATA[===Application started===]]>
    </line>
    <line>
      <![CDATA[===Browser Session End===]]>
    </line>
  </reporter-output>
  <suite name="Default suite" duration-ms="10668" started-at="2017-10-18T15:47:54Z" finished-at="2017-10-18T15:48:05Z">
    <groups>
    </groups>
    <test name="Default test" duration-ms="10668" started-at="2017-10-18T15:47:54Z" finished-at="2017-10-18T15:48:05Z">
      <class name="com.estore.tests.CheckingWebelements">
        <test-method status="PASS" signature="beforeSuite()[pri:0, instance:com.estore.tests.CheckingWebelements@735b5592]" name="beforeSuite" is-config="true" duration-ms="7" started-at="2017-10-18T10:47:54Z" finished-at="2017-10-18T10:47:54Z">
          <reporter-output>
          </reporter-output>
        </test-method> <!-- beforeSuite -->
        <test-method status="PASS" signature="beforeMethod()[pri:0, instance:com.estore.tests.CheckingWebelements@735b5592]" name="beforeMethod" is-config="true" duration-ms="5124" started-at="2017-10-18T10:47:54Z" finished-at="2017-10-18T10:47:59Z">
          <reporter-output>
            <line>
              <![CDATA[===Browser Session Started===]]>
            </line>
            <line>
              <![CDATA[===Application started===]]>
            </line>
          </reporter-output>
        </test-method> <!-- beforeMethod -->
        <test-method status="FAIL" signature="testImageComparison()[pri:0, instance:com.estore.tests.CheckingWebelements@735b5592]" name="testImageComparison" duration-ms="4228" started-at="2017-10-18T10:47:59Z" finished-at="2017-10-18T10:48:04Z">
          <exception class="javax.imageio.IIOException">
            <message>
              <![CDATA[Can't read input file!]]>
            </message>
            <full-stacktrace>
              <![CDATA[javax.imageio.IIOException: Can't read input file!
	at javax.imageio.ImageIO.read(ImageIO.java:1301)
	at com.estore.tests.CheckingWebelements.testImageComparison(CheckingWebelements.java:56)
	at sun.reflect.NativeMethodAccessorImpl.invoke0(Native Method)
	at sun.reflect.NativeMethodAccessorImpl.invoke(NativeMethodAccessorImpl.java:62)
	at sun.reflect.DelegatingMethodAccessorImpl.invoke(DelegatingMethodAccessorImpl.java:43)
	at java.lang.reflect.Method.invoke(Method.java:498)
	at org.testng.internal.MethodInvocationHelper.invokeMethod(MethodInvocationHelper.java:100)
	at org.testng.internal.Invoker.invokeMethod(Invoker.java:646)
	at org.testng.internal.Invoker.invokeTestMethod(Invoker.java:811)
	at org.testng.internal.Invoker.invokeTestMethods(Invoker.java:1137)
	at org.testng.internal.TestMethodWorker.invokeTestMethods(TestMethodWorker.java:129)
	at org.testng.internal.TestMethodWorker.run(TestMethodWorker.java:112)
	at org.testng.TestRunner.privateRun(TestRunner.java:753)
	at org.testng.TestRunner.run(TestRunner.java:607)
	at org.testng.SuiteRunner.runTest(SuiteRunner.java:368)
	at org.testng.SuiteRunner.runSequentially(SuiteRunner.java:363)
	at org.testng.SuiteRunner.privateRun(SuiteRunner.java:321)
	at org.testng.SuiteRunner.run(SuiteRunner.java:270)
	at org.testng.SuiteRunnerWorker.runSuite(SuiteRunnerWorker.java:52)
	at org.testng.SuiteRunnerWorker.run(SuiteRunnerWorker.java:86)
	at org.testng.TestNG.runSuitesSequentially(TestNG.java:1284)
	at org.testng.TestNG.runSuitesLocally(TestNG.java:1209)
	at org.testng.TestNG.runSuites(TestNG.java:1124)
	at org.testng.TestNG.run(TestNG.java:1096)
	at org.testng.remote.AbstractRemoteTestNG.run(AbstractRemoteTestNG.java:132)
	at org.testng.remote.RemoteTestNG.initAndRun(RemoteTestNG.java:236)
	at org.testng.remote.RemoteTestNG.main(RemoteTestNG.java:81)
]]>
            </full-stacktrace>
          </exception> <!-- javax.imageio.IIOException -->
          <reporter-output>
          </reporter-output>
        </test-method> <!-- testImageComparison -->
        <test-method status="PASS" signature="tearDown(org.testng.ITestResult)[pri:0, instance:com.estore.tests.CheckingWebelements@735b5592]" name="tearDown" is-config="true" duration-ms="1287" started-at="2017-10-18T10:48:04Z" finished-at="2017-10-18T10:48:05Z">
          <params>
            <param index="0">
              <value>
                <![CDATA[[TestResult name=testImageComparison status=FAILURE method=CheckingWebelements.testImageComparison()[pri:0, instance:com.estore.tests.CheckingWebelements@735b5592] output={null}]]]>
              </value>
            </param>
          </params>
          <reporter-output>
            <line>
              <![CDATA[===Browser Session End===]]>
            </line>
          </reporter-output>
        </test-method> <!-- tearDown -->
      </class> <!-- com.estore.tests.CheckingWebelements -->
    </test> <!-- Default test -->
  </suite> <!-- Default suite -->
</testng-results>
